<?xml version="1.0" encoding="UTF-8"?>
<testsuite name="UsaCalculatorTest" tests="3" skipped="0" failures="0" errors="0" timestamp="2023-01-24T08:06:02" hostname="DESKTOP-N4I8I6E" time="0.554">
  <properties/>
  <testcase name="dollarTest()" classname="UsaCalculatorTest" time="0.542"/>
  <testcase name="testHello()" classname="UsaCalculatorTest" time="0.004"/>
  <testcase name="mockTest()" classname="UsaCalculatorTest" time="0.005"/>
  <system-out><![CDATA[hello
60000
]]></system-out>
  <system-err><![CDATA[]]></system-err>
</testsuite>
